Using pre-set license
Built from '2021.3/china_unity/release' branch; Version is '2021.3.18f1c1 (93698379025b) revision 9660803'; Using compiler version '192829333'; Build Type 'Release'
OS: 'Windows 11  (10.0.22621) 64bit CoreCountrySpecific' Language: 'zh' Physical Memory: 16222 MB
BatchMode: 1, IsHumanControllingUs: 0, StartBugReporterOnCrash: 0, Is64bit: 1, IsPro: 1

COMMAND LINE ARGUMENTS:
D:\Unity Editor\2021.3.18f1c1\Editor\Unity.exe
-adb2
-batchMode
-noUpm
-name
AssetImportWorker0
-projectPath
D:/Unity Projects/IslandStory
-logFile
Logs/AssetImportWorker0.log
-srvPort
51648
Successfully changed project path to: D:/Unity Projects/IslandStory
D:/Unity Projects/IslandStory
[UnityMemory] Configuration Parameters - Can be set up in boot.config
    "memorysetup-bucket-allocator-granularity=16"
    "memorysetup-bucket-allocator-bucket-count=8"
    "memorysetup-bucket-allocator-block-size=33554432"
    "memorysetup-bucket-allocator-block-count=8"
    "memorysetup-main-allocator-block-size=16777216"
    "memorysetup-thread-allocator-block-size=16777216"
    "memorysetup-gfx-main-allocator-block-size=16777216"
    "memorysetup-gfx-thread-allocator-block-size=16777216"
    "memorysetup-cache-allocator-block-size=4194304"
    "memorysetup-typetree-allocator-block-size=2097152"
    "memorysetup-profiler-bucket-allocator-granularity=16"
    "memorysetup-profiler-bucket-allocator-bucket-count=8"
    "memorysetup-profiler-bucket-allocator-block-size=33554432"
    "memorysetup-profiler-bucket-allocator-block-count=8"
    "memorysetup-profiler-allocator-block-size=16777216"
    "memorysetup-profiler-editor-allocator-block-size=1048576"
    "memorysetup-temp-allocator-size-main=16777216"
    "memorysetup-job-temp-allocator-block-size=2097152"
    "memorysetup-job-temp-allocator-block-size-background=1048576"
    "memorysetup-job-temp-allocator-reduction-small-platforms=262144"
    "memorysetup-temp-allocator-size-background-worker=32768"
    "memorysetup-temp-allocator-size-job-worker=262144"
    "memorysetup-temp-allocator-size-preload-manager=33554432"
    "memorysetup-temp-allocator-size-nav-mesh-worker=65536"
    "memorysetup-temp-allocator-size-audio-worker=65536"
    "memorysetup-temp-allocator-size-cloud-worker=32768"
    "memorysetup-temp-allocator-size-gi-baking-worker=262144"
    "memorysetup-temp-allocator-size-gfx=262144"
Player connection [2508] Host "[IP] 10.16.82.44 [Port] 0 [Flags] 2 [Guid] 3276331571 [EditorId] 3276331571 [Version] 1048832 [Id] WindowsEditor(7,DESKTOP-E7GPGMI) [Debug] 1 [PackageName] WindowsEditor [ProjectName] Editor" joined multi-casting on [225.0.0.222:54997]...

Player connection [2508] Host "[IP] 10.16.82.44 [Port] 0 [Flags] 2 [Guid] 3276331571 [EditorId] 3276331571 [Version] 1048832 [Id] WindowsEditor(7,DESKTOP-E7GPGMI) [Debug] 1 [PackageName] WindowsEditor [ProjectName] Editor" joined alternative multi-casting on [225.0.0.222:34997]...

AS: AutoStreaming module initializing.
Refreshing native plugins compatible for Editor in 48.34 ms, found 1 plugins.
Preloading 0 native plugins for Editor in 0.00 ms.
Initialize engine version: 2021.3.18f1c1 (93698379025b)
[Subsystems] Discovering subsystems at path D:/Unity Editor/2021.3.18f1c1/Editor/Data/Resources/UnitySubsystems
[Subsystems] Discovering subsystems at path D:/Unity Projects/IslandStory/Assets
GfxDevice: creating device client; threaded=0; jobified=0
Direct3D:
    Version:  Direct3D 11.0 [level 11.1]
    Renderer: NVIDIA GeForce GTX 1660 Ti (ID=0x2191)
    Vendor:   NVIDIA
    VRAM:     5991 MB
    Driver:   27.21.14.6275
Initialize mono
Mono path[0] = 'D:/Unity Editor/2021.3.18f1c1/Editor/Data/Managed'
Mono path[1] = 'D:/Unity Editor/2021.3.18f1c1/Editor/Data/MonoBleedingEdge/lib/mono/unityjit-win32'
Mono config path = 'D:/Unity Editor/2021.3.18f1c1/Editor/Data/MonoBleedingEdge/etc'
Using monoOptions --debugger-agent=transport=dt_socket,embedding=1,server=y,suspend=n,address=127.0.0.1:56228
Begin MonoManager ReloadAssembly
Registering precompiled unity dll's ...
Register platform support module: D:/Unity Editor/2021.3.18f1c1/Editor/Data/PlaybackEngines/WindowsStandaloneSupport/UnityEditor.WindowsStandalone.Extensions.dll
Registered in 0.003586 seconds.
Native extension for WindowsStandalone target not found
Refreshing native plugins compatible for Editor in 47.94 ms, found 1 plugins.
Preloading 0 native plugins for Editor in 0.00 ms.
Mono: successfully reloaded assembly
- Completed reload, in  0.737 seconds
Domain Reload Profiling:
	ReloadAssembly (738ms)
		BeginReloadAssembly (118ms)
			ExecutionOrderSort (0ms)
			DisableScriptedObjects (0ms)
			BackupInstance (0ms)
			ReleaseScriptingObjects (0ms)
			CreateAndSetChildDomain (1ms)
		EndReloadAssembly (482ms)
			LoadAssemblies (111ms)
			RebuildTransferFunctionScriptingTraits (0ms)
			SetupTypeCache (116ms)
			ReleaseScriptCaches (0ms)
			RebuildScriptCaches (32ms)
			SetupLoadedEditorAssemblies (270ms)
				LogAssemblyErrors (0ms)
				InitializePlatformSupportModulesInManaged (7ms)
				SetLoadedEditorAssemblies (0ms)
				RefreshPlugins (48ms)
				BeforeProcessingInitializeOnLoad (1ms)
				ProcessInitializeOnLoadAttributes (148ms)
				ProcessInitializeOnLoadMethodAttributes (66ms)
				AfterProcessingInitializeOnLoad (0ms)
				EditorAssembliesLoaded (0ms)
			ExecutionOrderSort2 (0ms)
			AwakeInstancesAfterBackupRestoration (0ms)
Platform modules already initialized, skipping
Registering precompiled user dll's ...
Registered in 0.007093 seconds.
Begin MonoManager ReloadAssembly
Native extension for WindowsStandalone target not found
Refreshing native plugins compatible for Editor in 43.70 ms, found 1 plugins.
Preloading 0 native plugins for Editor in 0.00 ms.
Mono: successfully reloaded assembly
- Completed reload, in  1.014 seconds
Domain Reload Profiling:
	ReloadAssembly (1015ms)
		BeginReloadAssembly (139ms)
			ExecutionOrderSort (0ms)
			DisableScriptedObjects (6ms)
			BackupInstance (0ms)
			ReleaseScriptingObjects (0ms)
			CreateAndSetChildDomain (19ms)
		EndReloadAssembly (741ms)
			LoadAssemblies (105ms)
			RebuildTransferFunctionScriptingTraits (0ms)
			SetupTypeCache (176ms)
			ReleaseScriptCaches (1ms)
			RebuildScriptCaches (53ms)
			SetupLoadedEditorAssemblies (357ms)
				LogAssemblyErrors (0ms)
				InitializePlatformSupportModulesInManaged (3ms)
				SetLoadedEditorAssemblies (0ms)
				RefreshPlugins (44ms)
				BeforeProcessingInitializeOnLoad (72ms)
				ProcessInitializeOnLoadAttributes (177ms)
				ProcessInitializeOnLoadMethodAttributes (42ms)
				AfterProcessingInitializeOnLoad (18ms)
				EditorAssembliesLoaded (0ms)
			ExecutionOrderSort2 (0ms)
			AwakeInstancesAfterBackupRestoration (17ms)
Platform modules already initialized, skipping
========================================================================
Worker process is ready to serve import requests
Launched and connected shader compiler UnityShaderCompiler.exe after 0.08 seconds
Refreshing native plugins compatible for Editor in 0.46 ms, found 1 plugins.
Preloading 0 native plugins for Editor in 0.00 ms.
Unloading 1936 Unused Serialized files (Serialized files now loaded: 0)
Unloading 40 unused Assets / (299.9 KB). Loaded Objects now: 2401.
Memory consumption went from 97.0 MB to 96.7 MB.
Total: 2.958500 ms (FindLiveObjects: 0.167700 ms CreateObjectMapping: 0.102900 ms MarkObjects: 2.512300 ms  DeleteObjects: 0.174500 ms)

AssetImportParameters requested are different than current active one (requested -> active):
  custom:video-decoder-ogg-theora: a1e56fd34408186e4bbccfd4996cb3dc -> 
  custom:container-muxer-webm: aa71ff27fc2769a1b78a27578f13a17b -> 
  custom:container-demuxer-webm: 4f35f7cbe854078d1ac9338744f61a02 -> 
  custom:video-encoder-webm-vp8: eb34c28f22e8b96e1ab97ce403110664 -> 
  custom:audio-encoder-webm-vorbis: bf7c407c2cedff20999df2af8eb42d56 -> 
  custom:framework-win-MediaFoundation: 216162199b28c13a410421893ffa2e32 -> 
  custom:container-demuxer-ogg: 62fdf1f143b41e24485cea50d1cbac27 -> 
  custom:video-decoder-webm-vp8: 9c59270c3fd7afecdb556c50c9e8de78 -> 
  custom:audio-decoder-ogg-vorbis: bf7c407c2cedff20999df2af8eb42d56 -> 
========================================================================
Received Import Request.
  Time since last request: 112195.646293 seconds.
  path: Assets/M Studio/Colourful Hierarchy Category GameObject/Editor/ColorPalette.cs
  artifactKey: Guid(7edb8eb7125ea44f68bbe616b44fa9bc) Importer(815301076,1909f56bfc062723c751e8b465ee728b)
Start importing Assets/M Studio/Colourful Hierarchy Category GameObject/Editor/ColorPalette.cs using Guid(7edb8eb7125ea44f68bbe616b44fa9bc) Importer(815301076,1909f56bfc062723c751e8b465ee728b)  -> (artifact id: 'e497179ff16a1b635315de3e856b586b') in 0.062261 seconds 
========================================================================
Received Import Request.
  Time since last request: 102.795338 seconds.
  path: Assets/M Studio/Colourful Hierarchy Category GameObject/Color Palette.asset
  artifactKey: Guid(24dd57bd1a499470d9667bdb59529a9b) Importer(815301076,1909f56bfc062723c751e8b465ee728b)
Start importing Assets/M Studio/Colourful Hierarchy Category GameObject/Color Palette.asset using Guid(24dd57bd1a499470d9667bdb59529a9b) Importer(815301076,1909f56bfc062723c751e8b465ee728b)  -> (artifact id: '2abd729831b364995df19c952ccaca17') in 0.022162 seconds 
========================================================================
Received Import Request.
  Time since last request: 599.614221 seconds.
  path: Assets/M Studio/Colourful Hierarchy Category GameObject/Editor
  artifactKey: Guid(7da832fb78540468a8eb474a1e122e46) Importer(815301076,1909f56bfc062723c751e8b465ee728b)
Start importing Assets/M Studio/Colourful Hierarchy Category GameObject/Editor using Guid(7da832fb78540468a8eb474a1e122e46) Importer(815301076,1909f56bfc062723c751e8b465ee728b)  -> (artifact id: '292f64e2c96637bd0b582018c3d4d215') in 0.002281 seconds 
========================================================================
Received Import Request.
  Time since last request: 391.504950 seconds.
  path: Packages/com.unity.2d.sprite/Editor/ObjectMenuCreation/DefaultAssets/Textures/9-Sliced.png
  artifactKey: Guid(71ebafeef3c03457483266a33ab2b270) Importer(815301076,1909f56bfc062723c751e8b465ee728b)
Start importing Packages/com.unity.2d.sprite/Editor/ObjectMenuCreation/DefaultAssets/Textures/9-Sliced.png using Guid(71ebafeef3c03457483266a33ab2b270) Importer(815301076,1909f56bfc062723c751e8b465ee728b)  -> (artifact id: '117f3e32955022937e0ec607c89ff898') in 0.119852 seconds 
========================================================================
Received Import Request.
  Time since last request: 0.000024 seconds.
  path: Packages/com.unity.2d.sprite/Editor/ObjectMenuCreation/DefaultAssets/Textures/v2/9Sliced.png
  artifactKey: Guid(8884154dfe85442a3a3578be807dbcdf) Importer(815301076,1909f56bfc062723c751e8b465ee728b)
Start importing Packages/com.unity.2d.sprite/Editor/ObjectMenuCreation/DefaultAssets/Textures/v2/9Sliced.png using Guid(8884154dfe85442a3a3578be807dbcdf) Importer(815301076,1909f56bfc062723c751e8b465ee728b)  -> (artifact id: '8fbddcae5e2dc0335b209bdbd5fd63ee') in 0.022205 seconds 
========================================================================
Received Import Request.
  Time since last request: 0.000024 seconds.
  path: Assets/M Studio/Art/Characters/Player/Arm/ArmWaterUp.png
  artifactKey: Guid(ce03ccef1c7dc42c7a2b3c0be583edbf) Importer(815301076,1909f56bfc062723c751e8b465ee728b)
Start importing Assets/M Studio/Art/Characters/Player/Arm/ArmWaterUp.png using Guid(ce03ccef1c7dc42c7a2b3c0be583edbf) Importer(815301076,1909f56bfc062723c751e8b465ee728b)  -> (artifact id: 'b444d467afe2d5238f691d6ca10deab2') in 0.026661 seconds 
========================================================================
Received Import Request.
  Time since last request: 4.234643 seconds.
  path: Assets/M Studio/Art/Items/Environments/Barrel.png
  artifactKey: Guid(2ee68aacf59df43f5a60b1aaf5c1196a) Importer(815301076,1909f56bfc062723c751e8b465ee728b)
Start importing Assets/M Studio/Art/Items/Environments/Barrel.png using Guid(2ee68aacf59df43f5a60b1aaf5c1196a) Importer(815301076,1909f56bfc062723c751e8b465ee728b)  -> (artifact id: 'a613a89848558e0e8da06c4276df589a') in 0.019635 seconds 
========================================================================
Received Import Request.
  Time since last request: 101.611292 seconds.
  path: Assets/Tilemaps/Palettes
  artifactKey: Guid(c4c785af19d792f49a2229c6f5e983c2) Importer(815301076,1909f56bfc062723c751e8b465ee728b)
Start importing Assets/Tilemaps/Palettes using Guid(c4c785af19d792f49a2229c6f5e983c2) Importer(815301076,1909f56bfc062723c751e8b465ee728b)  -> (artifact id: '80969f8386be717d3731fdeb0da47d07') in 0.001959 seconds 
========================================================================
Received Import Request.
  Time since last request: 37.267963 seconds.
  path: Assets/M Studio/Art/Maps
  artifactKey: Guid(8241bf554c0414880bc40a627fa9d525) Importer(815301076,1909f56bfc062723c751e8b465ee728b)
Start importing Assets/M Studio/Art/Maps using Guid(8241bf554c0414880bc40a627fa9d525) Importer(815301076,1909f56bfc062723c751e8b465ee728b)  -> (artifact id: 'df197288957f16225e0ca805a4fe37be') in 0.001890 seconds 
